<?xml version="1.0" encoding="UTF-8"?>
<!-- Generated by org.testng.reporters.JUnitXMLReporter -->
<testsuite ignored="0" hostname="DESKTOP-37EBRU3" failures="0" tests="5" name="Test" time="90.889" errors="0" timestamp="2022-08-18T11:40:13 IST">
  <testcase classname="TestCases.productTest" name="ProductTest" time="3.092"/>
  <testcase classname="TestCases.RegisterTest" name="RegisterPage" time="6.821"/>
  <testcase classname="TestCases.LoginTest" name="login" time="7.925"/>
  <testcase classname="TestCases.LoginTest" name="login" time="13.915"/>
  <testcase classname="TestCases.TestSpecialFeature" name="TestFeature" time="7.863"/>
</testsuite> <!-- Test -->
