<?xml version="1.0" encoding="UTF-8"?>
<!-- Generated by org.testng.reporters.JUnitXMLReporter -->
<testsuite ignored="0" hostname="DESKTOP-37EBRU3" failures="0" tests="3" name="Test" time="49.694" errors="0" timestamp="2022-07-17T13:25:30 IST">
  <testcase classname="TestCases.RegisterTest" name="RegisterPage" time="6.768"/>
  <testcase classname="TestCases.LoginTest" name="login" time="4.024"/>
  <testcase classname="TestCases.LoginTest" name="login" time="13.495"/>
</testsuite> <!-- Test -->
