<?xml version="1.0" encoding="UTF-8"?>
<testng-results ignored="0" total="1" passed="1" failed="0" skipped="0">
  <reporter-output>
  </reporter-output>
  <suite started-at="2022-08-06T11:31:50 IST" name="Default suite" finished-at="2022-08-06T11:32:07 IST" duration-ms="16726">
    <groups>
    </groups>
    <test started-at="2022-08-06T11:31:50 IST" name="Default test" finished-at="2022-08-06T11:32:07 IST" duration-ms="16726">
      <class name="TestCases.TestSpecialFeature">
        <test-method is-config="true" signature="setup()[pri:0, instance:TestCases.TestSpecialFeature@55b699ef]" started-at="2022-08-06T11:31:50 IST" name="setup" finished-at="2022-08-06T11:32:00 IST" duration-ms="9485" status="PASS">
          <reporter-output>
          </reporter-output>
        </test-method> <!-- setup -->
        <test-method signature="TestFeature()[pri:0, instance:TestCases.TestSpecialFeature@55b699ef]" started-at="2022-08-06T11:32:00 IST" name="TestFeature" finished-at="2022-08-06T11:32:07 IST" duration-ms="7055" status="PASS">
          <reporter-output>
          </reporter-output>
        </test-method> <!-- TestFeature -->
        <test-method is-config="true" signature="teardown()[pri:0, instance:TestCases.TestSpecialFeature@55b699ef]" started-at="2022-08-06T11:32:07 IST" name="teardown" finished-at="2022-08-06T11:32:07 IST" duration-ms="122" status="PASS">
          <reporter-output>
          </reporter-output>
        </test-method> <!-- teardown -->
      </class> <!-- TestCases.TestSpecialFeature -->
    </test> <!-- Default test -->
  </suite> <!-- Default suite -->
</testng-results>
